TN:
SF:src\App.tsx
FN:168,App
FNF:1
FNH:0
FNDA:0,App
DA:3,0
DA:4,0
DA:5,0
DA:169,0
DA:179,0
LF:5
LH:0
BRF:0
BRH:0
end_of_record
TN:
SF:src\dummydata.ts
FNF:0
FNH:0
DA:14,0
LF:1
LH:0
BRF:0
BRH:0
end_of_record
TN:
SF:src\main.tsx
FNF:0
FNH:0
DA:1,0
DA:2,0
DA:3,0
DA:4,0
DA:6,0
LF:5
LH:0
BRF:0
BRH:0
end_of_record
TN:
SF:src\component\Login.tsx
FN:7,(anonymous_0)
FN:16,(anonymous_1)
FN:40,(anonymous_2)
FN:96,(anonymous_3)
FN:117,(anonymous_4)
FN:137,(anonymous_5)
FN:169,(anonymous_6)
FN:170,(anonymous_7)
FNF:8
FNH:0
FNDA:0,(anonymous_0)
FNDA:0,(anonymous_1)
FNDA:0,(anonymous_2)
FNDA:0,(anonymous_3)
FNDA:0,(anonymous_4)
FNDA:0,(anonymous_5)
FNDA:0,(anonymous_6)
FNDA:0,(anonymous_7)
DA:2,0
DA:3,0
DA:7,0
DA:8,0
DA:9,0
DA:10,0
DA:11,0
DA:12,0
DA:13,0
DA:14,0
DA:16,0
DA:17,0
DA:18,0
DA:19,0
DA:20,0
DA:22,0
DA:23,0
DA:24,0
DA:27,0
DA:28,0
DA:29,0
DA:32,0
DA:33,0
DA:34,0
DA:37,0
DA:40,0
DA:41,0
DA:42,0
DA:43,0
DA:45,0
DA:49,0
DA:96,0
DA:117,0
DA:137,0
DA:169,0
DA:170,0
DA:180,0
LF:37
LH:0
BRDA:22,0,0,0
BRDA:27,1,0,0
BRDA:32,2,0,0
BRDA:32,3,0,0
BRDA:32,3,1,0
BRDA:32,3,2,0
BRDA:42,4,0,0
BRDA:100,5,0,0
BRDA:100,5,1,0
BRDA:106,6,0,0
BRDA:106,6,1,0
BRDA:121,7,0,0
BRDA:121,7,1,0
BRDA:127,8,0,0
BRDA:127,8,1,0
BRDA:141,9,0,0
BRDA:141,9,1,0
BRDA:152,10,0,0
BRDA:152,10,1,0
BRF:19
BRH:0
end_of_record
TN:
SF:src\component\dashboard.tsx
FN:5,(anonymous_9)
FN:5,(anonymous_10)
FN:7,(anonymous_11)
FN:14,(anonymous_12)
FN:19,(anonymous_13)
FN:57,(anonymous_14)
FN:96,(anonymous_15)
FN:119,(anonymous_16)
FN:142,(anonymous_17)
FN:171,(anonymous_18)
FNF:10
FNH:0
FNDA:0,(anonymous_9)
FNDA:0,(anonymous_10)
FNDA:0,(anonymous_11)
FNDA:0,(anonymous_12)
FNDA:0,(anonymous_13)
FNDA:0,(anonymous_14)
FNDA:0,(anonymous_15)
FNDA:0,(anonymous_16)
FNDA:0,(anonymous_17)
FNDA:0,(anonymous_18)
DA:2,0
DA:3,0
DA:5,0
DA:7,0
DA:8,0
DA:9,0
DA:10,0
DA:11,0
DA:12,0
DA:14,0
DA:15,0
DA:16,0
DA:19,0
DA:20,0
DA:21,0
DA:26,0
DA:27,0
DA:28,0
DA:29,0
DA:32,0
DA:57,0
DA:96,0
DA:119,0
DA:142,0
DA:171,0
DA:218,0
LF:26
LH:0
BRDA:54,0,0,0
BRDA:54,0,1,0
BRDA:54,0,2,0
BRDA:72,1,0,0
BRDA:72,1,1,0
BRDA:72,1,2,0
BRDA:193,2,0,0
BRDA:193,2,1,0
BRF:8
BRH:0
end_of_record
